# JRE version: Java(TM) SE Runtime Environment (8.0_51-b16) (build 1.8.0_51-b16)
# Java VM: Java HotSpot(TM) 64-Bit Server VM (25.51-b03 mixed mode linux-amd64 compressed oops)
Heap:
 PSYoungGen      total 68096K, used 67808K [0x0000000740000000, 0x0000000744700000, 0x00000007c0000000)
  eden space 67584K, 100% used [0x0000000740000000,0x0000000744200000,0x0000000744200000)
  from space 512K, 43% used [0x0000000744680000,0x00000007446b8000,0x0000000744700000)
  to   space 1024K, 0% used [0x0000000744500000,0x0000000744500000,0x0000000744600000)
 ParOldGen       total 35840K, used 23654K [0x0000000640000000, 0x0000000642300000, 0x0000000740000000)
  object space 35840K, 66% used [0x0000000640000000,0x0000000641719aa0,0x0000000642300000)
 Metaspace       used 6312K, capacity 6738K, committed 6912K, reserved 1056768K
  class space    used 735K, capacity 757K, committed 768K, reserved 1048576K
GC Heap History (10 events):
Event: 37167,983 GC heap before
{Heap before GC invocations=665512 (full 8):
 PSYoungGen      total 50176K, used 49984K [0x0000000740000000, 0x0000000743c00000, 0x00000007c0000000)
  eden space 49152K, 100% used [0x0000000740000000,0x0000000743000000,0x0000000743000000)
  from space 1024K, 81% used [0x0000000743000000,0x00000007430d0000,0x0000000743100000)
  to   space 1024K, 0% used [0x0000000743b00000,0x0000000743b00000,0x0000000743c00000)
 ParOldGen       total 35840K, used 23654K [0x0000000640000000, 0x0000000642300000, 0x0000000740000000)
  object space 35840K, 66% used [0x0000000640000000,0x0000000641719aa0,0x0000000642300000)
 Metaspace       used 6312K, capacity 6738K, committed 6912K, reserved 1056768K
  class space    used 735K, capacity 757K, committed 768K, reserved 1048576K
Event: 37167,984 GC heap after
Heap after GC invocations=665512 (full 8):
 PSYoungGen      total 60416K, used 128K [0x0000000740000000, 0x0000000743c00000, 0x00000007c0000000)
  eden space 59392K, 0% used [0x0000000740000000,0x0000000740000000,0x0000000743a00000)
  from space 1024K, 12% used [0x0000000743b00000,0x0000000743b20000,0x0000000743c00000)
  to   space 1024K, 0% used [0x0000000743a00000,0x0000000743a00000,0x0000000743b00000)
 ParOldGen       total 35840K, used 23654K [0x0000000640000000, 0x0000000642300000, 0x0000000740000000)
  object space 35840K, 66% used [0x0000000640000000,0x0000000641719aa0,0x0000000642300000)
 Metaspace       used 6312K, capacity 6738K, committed 6912K, reserved 1056768K
  class space    used 735K, capacity 757K, committed 768K, reserved 1048576K
}
Event: 37168,055 GC heap before
{Heap before GC invocations=665513 (full 8):
 PSYoungGen      total 60416K, used 59520K [0x0000000740000000, 0x0000000743c00000, 0x00000007c0000000)
  eden space 59392K, 100% used [0x0000000740000000,0x0000000743a00000,0x0000000743a00000)
  from space 1024K, 12% used [0x0000000743b00000,0x0000000743b20000,0x0000000743c00000)
  to   space 1024K, 0% used [0x0000000743a00000,0x0000000743a00000,0x0000000743b00000)
 ParOldGen       total 35840K, used 23654K [0x0000000640000000, 0x0000000642300000, 0x0000000740000000)
  object space 35840K, 66% used [0x0000000640000000,0x0000000641719aa0,0x0000000642300000)
 Metaspace       used 6312K, capacity 6738K, committed 6912K, reserved 1056768K
  class space    used 735K, capacity 757K, committed 768K, reserved 1048576K
Event: 37168,056 GC heap after
Heap after GC invocations=665513 (full 8):
 PSYoungGen      total 60416K, used 608K [0x0000000740000000, 0x0000000744800000, 0x00000007c0000000)
  eden space 59392K, 0% used [0x0000000740000000,0x0000000740000000,0x0000000743a00000)
  from space 1024K, 59% used [0x0000000743a00000,0x0000000743a98000,0x0000000743b00000)
  to   space 1024K, 0% used [0x0000000744700000,0x0000000744700000,0x0000000744800000)
 ParOldGen       total 35840K, used 23654K [0x0000000640000000, 0x0000000642300000, 0x0000000740000000)
  object space 35840K, 66% used [0x0000000640000000,0x0000000641719aa0,0x0000000642300000)
 Metaspace       used 6312K, capacity 6738K, committed 6912K, reserved 1056768K
  class space    used 735K, capacity 757K, committed 768K, reserved 1048576K
}
Event: 37168,125 GC heap before
{Heap before GC invocations=665514 (full 8):
 PSYoungGen      total 60416K, used 60000K [0x0000000740000000, 0x0000000744800000, 0x00000007c0000000)
  eden space 59392K, 100% used [0x0000000740000000,0x0000000743a00000,0x0000000743a00000)
  from space 1024K, 59% used [0x0000000743a00000,0x0000000743a98000,0x0000000743b00000)
  to   space 1024K, 0% used [0x0000000744700000,0x0000000744700000,0x0000000744800000)
 ParOldGen       total 35840K, used 23654K [0x0000000640000000, 0x0000000642300000, 0x0000000740000000)
  object space 35840K, 66% used [0x0000000640000000,0x0000000641719aa0,0x0000000642300000)
 Metaspace       used 6312K, capacity 6738K, committed 6912K, reserved 1056768K
  class space    used 735K, capacity 757K, committed 768K, reserved 1048576K
Event: 37168,126 GC heap after
Heap after GC invocations=665514 (full 8):
 PSYoungGen      total 72704K, used 128K [0x0000000740000000, 0x0000000744800000, 0x00000007c0000000)
  eden space 71680K, 0% used [0x0000000740000000,0x0000000740000000,0x0000000744600000)
  from space 1024K, 12% used [0x0000000744700000,0x0000000744720000,0x0000000744800000)
  to   space 1024K, 0% used [0x0000000744600000,0x0000000744600000,0x0000000744700000)
 ParOldGen       total 35840K, used 23654K [0x0000000640000000, 0x0000000642300000, 0x0000000740000000)
  object space 35840K, 66% used [0x0000000640000000,0x0000000641719aa0,0x0000000642300000)
 Metaspace       used 6312K, capacity 6738K, committed 6912K, reserved 1056768K
  class space    used 735K, capacity 757K, committed 768K, reserved 1048576K
}
Event: 37168,213 GC heap before
{Heap before GC invocations=665515 (full 8):
 PSYoungGen      total 72704K, used 71808K [0x0000000740000000, 0x0000000744800000, 0x00000007c0000000)
  eden space 71680K, 100% used [0x0000000740000000,0x0000000744600000,0x0000000744600000)
  from space 1024K, 12% used [0x0000000744700000,0x0000000744720000,0x0000000744800000)
  to   space 1024K, 0% used [0x0000000744600000,0x0000000744600000,0x0000000744700000)
 ParOldGen       total 35840K, used 23654K [0x0000000640000000, 0x0000000642300000, 0x0000000740000000)
  object space 35840K, 66% used [0x0000000640000000,0x0000000641719aa0,0x0000000642300000)
 Metaspace       used 6312K, capacity 6738K, committed 6912K, reserved 1056768K
  class space    used 735K, capacity 757K, committed 768K, reserved 1048576K
Event: 37168,214 GC heap after
Heap after GC invocations=665515 (full 8):
 PSYoungGen      total 70144K, used 288K [0x0000000740000000, 0x0000000744780000, 0x00000007c0000000)
  eden space 69632K, 0% used [0x0000000740000000,0x0000000740000000,0x0000000744400000)
  from space 512K, 56% used [0x0000000744600000,0x0000000744648000,0x0000000744680000)
  to   space 1024K, 0% used [0x0000000744680000,0x0000000744680000,0x0000000744780000)
 ParOldGen       total 35840K, used 23654K [0x0000000640000000, 0x0000000642300000, 0x0000000740000000)
  object space 35840K, 66% used [0x0000000640000000,0x0000000641719aa0,0x0000000642300000)
 Metaspace       used 6312K, capacity 6738K, committed 6912K, reserved 1056768K
  class space    used 735K, capacity 757K, committed 768K, reserved 1048576K
}
Event: 37168,294 GC heap before
{Heap before GC invocations=665516 (full 8):
 PSYoungGen      total 70144K, used 69920K [0x0000000740000000, 0x0000000744780000, 0x00000007c0000000)
  eden space 69632K, 100% used [0x0000000740000000,0x0000000744400000,0x0000000744400000)
  from space 512K, 56% used [0x0000000744600000,0x0000000744648000,0x0000000744680000)
  to   space 1024K, 0% used [0x0000000744680000,0x0000000744680000,0x0000000744780000)
 ParOldGen       total 35840K, used 23654K [0x0000000640000000, 0x0000000642300000, 0x0000000740000000)
  object space 35840K, 66% used [0x0000000640000000,0x0000000641719aa0,0x0000000642300000)
 Metaspace       used 6312K, capacity 6738K, committed 6912K, reserved 1056768K
  class space    used 735K, capacity 757K, committed 768K, reserved 1048576K
Event: 37168,295 GC heap after
Heap after GC invocations=665516 (full 8):
 PSYoungGen      total 68096K, used 224K [0x0000000740000000, 0x0000000744700000, 0x00000007c0000000)
  eden space 67584K, 0% used [0x0000000740000000,0x0000000740000000,0x0000000744200000)
  from space 512K, 43% used [0x0000000744680000,0x00000007446b8000,0x0000000744700000)
  to   space 1024K, 0% used [0x0000000744500000,0x0000000744500000,0x0000000744600000)
 ParOldGen       total 35840K, used 23654K [0x0000000640000000, 0x0000000642300000, 0x0000000740000000)
  object space 35840K, 66% used [0x0000000640000000,0x0000000641719aa0,0x0000000642300000)
 Metaspace       used 6312K, capacity 6738K, committed 6912K, reserved 1056768K
  class space    used 735K, capacity 757K, committed 768K, reserved 1048576K
}

